Model Configuration:
  - RNN Type: LSTM
  - Embedding Dim: 32
  - Hidden Size: 64
  - Num Layers: 2
  - Dropout: 0.3
  - Loss: Focal Loss
  - Learning Rate: 0.0005
  - Weight Decay: 0.0001
  - Patience: 8

Starting training...
Epoch 01: train_loss=0.3131 | val_loss=0.2237 | val_auc=0.8264 | val_pr_auc=0.1619 | F1=0.2668
  --> Saved new best checkpoint to checkpoints/best_purchase_lstm.pt
Epoch 02: train_loss=0.2296 | val_loss=0.2063 | val_auc=0.8277 | val_pr_auc=0.1519 | F1=0.2671
  --> Saved new best checkpoint to checkpoints/best_purchase_lstm.pt
Epoch 03: train_loss=0.2154 | val_loss=0.2029 | val_auc=0.8315 | val_pr_auc=0.1669 | F1=0.2668
  --> Saved new best checkpoint to checkpoints/best_purchase_lstm.pt
Epoch 04: train_loss=0.2085 | val_loss=0.2020 | val_auc=0.8355 | val_pr_auc=0.1685 | F1=0.2668
  --> Saved new best checkpoint to checkpoints/best_purchase_lstm.pt
Epoch 05: train_loss=0.2079 | val_loss=0.2013 | val_auc=0.8270 | val_pr_auc=0.1671 | F1=0.2668
Epoch 06: train_loss=0.2061 | val_loss=0.2006 | val_auc=0.8269 | val_pr_auc=0.1665 | F1=0.2668
Epoch 07: train_loss=0.1991 | val_loss=0.2008 | val_auc=0.8279 | val_pr_auc=0.1748 | F1=0.2668
Epoch 08: train_loss=0.2027 | val_loss=0.2001 | val_auc=0.8356 | val_pr_auc=0.1756 | F1=0.2668
  --> Saved new best checkpoint to checkpoints/best_purchase_lstm.pt
Epoch 09: train_loss=0.2012 | val_loss=0.2002 | val_auc=0.8355 | val_pr_auc=0.1752 | F1=0.2668
Epoch 10: train_loss=0.1988 | val_loss=0.2002 | val_auc=0.8340 | val_pr_auc=0.1737 | F1=0.2668
Epoch 11: train_loss=0.2021 | val_loss=0.2002 | val_auc=0.8303 | val_pr_auc=0.1728 | F1=0.2668
Epoch 12: train_loss=0.2000 | val_loss=0.2002 | val_auc=0.8287 | val_pr_auc=0.1665 | F1=0.2674
Epoch 13: train_loss=0.2009 | val_loss=0.2002 | val_auc=0.8288 | val_pr_auc=0.1668 | F1=0.2674
Epoch 14: train_loss=0.1973 | val_loss=0.2002 | val_auc=0.8288 | val_pr_auc=0.1653 | F1=0.2674
Epoch 15: train_loss=0.1975 | val_loss=0.2003 | val_auc=0.8286 | val_pr_auc=0.1665 | F1=0.2674

Training metrics log saved to ./data/sequential/figures\purchase_training_log.csv

Loading best model checkpoint from checkpoints/best_purchase_lstm.pt...

Finding optimal threshold on validation set...
Optimal threshold: 0.200 (F1=0.2668)

============================================================
TEST EVALUATION RESULTS
============================================================
+--------------------------+-----------------------+-------------------+
| Metric                   |   Value (Optimal Thr) |   Value (Thr=0.5) |
+==========================+=======================+===================+
| Test Loss                |                0.2066 |            0.2066 |
+--------------------------+-----------------------+-------------------+
| Classification Threshold |                0.2    |            0.5    |
+--------------------------+-----------------------+-------------------+
| Test Accuracy            |                0.686  |            0.686  |
+--------------------------+-----------------------+-------------------+
| Test ROC AUC             |                0.8131 |            0.8131 |
+--------------------------+-----------------------+-------------------+
| Test PR AUC              |                0.1406 |            0.1406 |
+--------------------------+-----------------------+-------------------+
| Test Precision           |                0.1509 |            0.1509 |
+--------------------------+-----------------------+-------------------+
| Test Recall              |                0.9821 |            0.9821 |
+--------------------------+-----------------------+-------------------+
| Test F1-Score            |                0.2616 |            0.2616 |
+--------------------------+-----------------------+-------------------+

Visualization plot saved successfully to ./data/sequential/figures\purchase_metrics.png
